<?xml version="1.0" encoding="UTF-8"?>
<!-- Generated by org.testng.reporters.JUnitReportReporter -->
<testsuite hostname="LAPTOP-IK8VGAHU" failures="0" tests="1" name="poi.ReadingUsingIterator" time="1.041" errors="0" timestamp="2023-01-05T15:54:09 IST" skipped="0">
  <testcase classname="poi.ReadingUsingIterator" name="m1" time="1.041"/>
  <system-out/>
</testsuite> <!-- poi.ReadingUsingIterator -->
