<?xml version="1.0" encoding="UTF-8"?>
<!-- Generated by org.testng.reporters.JUnitReportReporter -->
<testsuite hostname="LAPTOP-IK8VGAHU" failures="0" tests="3" name="grouping.Search" time="0.010" errors="0" timestamp="2022-12-15T12:50:26 IST" skipped="0">
  <testcase classname="grouping.Search" name="searchWithValidProduct" time="0.004"/>
  <system-out/>
  <testcase classname="grouping.Search" name="searchWithInValidProduct" time="0.002"/>
  <system-out/>
  <testcase classname="grouping.Search" name="searchWithOutAnySearchItem" time="0.004"/>
  <system-out/>
</testsuite> <!-- grouping.Search -->
