<?xml version="1.0" encoding="UTF-8"?>
<!-- Generated by org.testng.reporters.JUnitReportReporter -->
<testsuite hostname="LAPTOP-IK8VGAHU" failures="0" tests="5" name="sample.Login" time="14.166" errors="0" timestamp="2022-12-07T16:25:45 IST" skipped="0">
  <testcase classname="sample.Login" name="verifyUserLoginWithValidCredential" time="4.961"/>
  <system-out/>
  <testcase classname="sample.Login" name="verifyUserLoginWithInvalidUserNameAndValidPassword" time="2.407"/>
  <system-out/>
  <testcase classname="sample.Login" name="verifyUserLoginWithValidUserNameAndInvalidPassword" time="2.255"/>
  <system-out/>
  <testcase classname="sample.Login" name="verifyUserLoginWithInvalidCredentials" time="2.255"/>
  <system-out/>
  <testcase classname="sample.Login" name="verifyUserLoginWithoutGivingCredentials" time="2.288"/>
  <system-out/>
</testsuite> <!-- sample.Login -->
