<?xml version="1.0" encoding="UTF-8"?>
<!-- Generated by org.testng.reporters.JUnitReportReporter -->
<testsuite hostname="LAPTOP-IK8VGAHU" failures="0" tests="2" name="cross_Browser.MultiBrowser" time="0.508" errors="0" timestamp="2022-12-07T19:07:26 IST" skipped="0">
  <testcase classname="cross_Browser.MultiBrowser" name="click_Carousel" time="0.355"/>
  <system-out/>
  <testcase classname="cross_Browser.MultiBrowser" name="click_Carousel" time="0.153"/>
  <system-out/>
</testsuite> <!-- cross_Browser.MultiBrowser -->
