<?xml version="1.0" encoding="UTF-8"?>
<!-- Generated by org.testng.reporters.JUnitReportReporter -->
<testsuite hostname="LAPTOP-IK8VGAHU" failures="0" tests="1" name="poi.Sample" time="1.339" errors="0" timestamp="2023-01-02T14:10:58 IST" skipped="0">
  <testcase classname="poi.Sample" name="m1" time="1.339"/>
  <system-out/>
</testsuite> <!-- poi.Sample -->
