<?xml version="1.0" encoding="UTF-8"?>
<!-- Generated by org.testng.reporters.JUnitReportReporter -->
<testsuite hostname="LAPTOP-IK8VGAHU" failures="0" tests="1" name="parameters.LoginParameterization" time="4.015" errors="0" timestamp="2022-12-08T13:26:40 IST" skipped="0">
  <testcase classname="parameters.LoginParameterization" name="LoginParams" time="4.015"/>
  <system-out/>
</testsuite> <!-- parameters.LoginParameterization -->
