<?xml version="1.0" encoding="UTF-8"?>
<!-- Generated by org.testng.reporters.JUnitReportReporter -->
<testsuite hostname="LAPTOP-IK8VGAHU" failures="0" tests="2" name="grouping.Login" time="0.014" errors="0" timestamp="2022-12-13T11:48:32 IST" skipped="0">
  <testcase classname="grouping.Login" name="LoginWithValidCredentials" time="0.012"/>
  <system-out/>
  <testcase classname="grouping.Login" name="LoginWithInValidCredentials" time="0.002"/>
  <system-out/>
</testsuite> <!-- grouping.Login -->
