<?xml version="1.0" encoding="UTF-8"?>
<!-- Generated by org.testng.reporters.JUnitReportReporter -->
<testsuite hostname="LAPTOP-IK8VGAHU" failures="0" tests="2" name="dataProviders.PartialPassingDataUsingIndices" time="0.012" errors="0" timestamp="2022-12-30T13:34:03 IST" skipped="0">
  <testcase classname="dataProviders.PartialPassingDataUsingIndices" name="sampleTest" time="0.002"/>
  <system-out/>
  <testcase classname="dataProviders.PartialPassingDataUsingIndices" name="sampleTest" time="0.010"/>
  <system-out/>
</testsuite> <!-- dataProviders.PartialPassingDataUsingIndices -->
