<?xml version="1.0" encoding="UTF-8"?>
<!-- Generated by org.testng.reporters.JUnitReportReporter -->
<testsuite hostname="LAPTOP-IK8VGAHU" failures="0" tests="2" name="grouping.Register" time="0.002" errors="0" timestamp="2022-12-13T12:24:49 IST" skipped="0">
  <testcase classname="grouping.Register" name="registerByProvidingDuplicateEmailAddress" time="0.001"/>
  <system-out/>
  <testcase classname="grouping.Register" name="registerByProvidingOnlyMandatoryFields" time="0.001"/>
  <system-out/>
</testsuite> <!-- grouping.Register -->
