<?xml version="1.0" encoding="UTF-8"?>
<!-- Generated by org.testng.reporters.JUnitReportReporter -->
<testsuite hostname="LAPTOP-IK8VGAHU" failures="0" tests="3" name="sample.TimeOutAttribute" time="0.040" errors="0" timestamp="2022-12-28T16:17:13 IST" skipped="0">
  <testcase classname="sample.TimeOutAttribute" name="m3" time="0.002"/>
  <system-out/>
  <testcase classname="sample.TimeOutAttribute" name="m2" time="0.004"/>
  <system-out/>
  <testcase classname="sample.TimeOutAttribute" name="m1" time="0.034"/>
  <system-out/>
</testsuite> <!-- sample.TimeOutAttribute -->
