<?xml version="1.0" encoding="UTF-8"?>
<!-- Generated by org.testng.reporters.JUnitReportReporter -->
<testsuite hostname="LAPTOP-IK8VGAHU" failures="0" tests="4" name="grouping.Register" time="0.026" errors="0" timestamp="2022-12-15T12:53:26 IST" skipped="0">
  <testcase classname="grouping.Register" name="registerByProvidingOnlyMandatoryFields" time="0.020"/>
  <system-out/>
  <testcase classname="grouping.Register" name="registerByProvidingAllFields" time="0.002"/>
  <system-out/>
  <testcase classname="grouping.Register" name="registerByNotProvidingAnyFields" time="0.002"/>
  <system-out/>
  <testcase classname="grouping.Register" name="registerByProvidingDuplicateEmailAddress" time="0.002"/>
  <system-out/>
</testsuite> <!-- grouping.Register -->
