<?xml version="1.0" encoding="UTF-8"?>
<!-- Generated by org.testng.reporters.JUnitReportReporter -->
<testsuite hostname="LAPTOP-IK8VGAHU" failures="0" tests="6" name="dataProviders.DataProvidersDemo" time="24.018" errors="0" timestamp="2022-12-28T13:45:30 IST" skipped="0">
  <testcase classname="dataProviders.DataProvidersDemo" name="verifyLogin" time="5.041"/>
  <system-out/>
  <testcase classname="dataProviders.DataProvidersDemo" name="verifyLogin" time="5.176"/>
  <system-out/>
  <testcase classname="dataProviders.DataProvidersDemo" name="demoSupplyData" time="1.693"/>
  <system-out/>
  <testcase classname="dataProviders.DataProvidersDemo" name="demoSupplyData" time="1.763"/>
  <system-out/>
  <testcase classname="dataProviders.DataProvidersDemo" name="demoSupplyData" time="3.105"/>
  <system-out/>
  <testcase classname="dataProviders.DataProvidersDemo" name="verifyLogin" time="7.240"/>
  <system-out/>
</testsuite> <!-- dataProviders.DataProvidersDemo -->
