<?xml version="1.0" encoding="UTF-8"?>
<!-- Generated by org.testng.reporters.JUnitReportReporter -->
<testsuite hostname="LAPTOP-IK8VGAHU" failures="0" tests="3" name="poi.DataProviders_POI" time="9.953" errors="0" timestamp="2023-01-09T13:54:47 IST" skipped="0">
  <testcase classname="poi.DataProviders_POI" name="login" time="3.515"/>
  <system-out/>
  <testcase classname="poi.DataProviders_POI" name="login" time="2.143"/>
  <system-out/>
  <testcase classname="poi.DataProviders_POI" name="login" time="4.295"/>
  <system-out/>
</testsuite> <!-- poi.DataProviders_POI -->
