<?xml version="1.0" encoding="UTF-8"?>
<!-- Generated by org.testng.reporters.JUnitReportReporter -->
<testsuite hostname="LAPTOP-IK8VGAHU" failures="0" tests="2" name="grouping.LoginGroup" time="0.003" errors="0" timestamp="2022-12-13T15:00:07 IST" skipped="0">
  <testcase classname="grouping.LoginGroup" name="LoginWithValidCredentials" time="0.002"/>
  <system-out/>
  <testcase classname="grouping.LoginGroup" name="LoginWithNoCredentials" time="0.001"/>
  <system-out/>
</testsuite> <!-- grouping.LoginGroup -->
