<?xml version="1.0" encoding="UTF-8"?>
<!-- Generated by org.testng.reporters.JUnitReportReporter -->
<testsuite hostname="LAPTOP-IK8VGAHU" failures="0" tests="7" name="dataProviders.DataProvider_Object" time="0.043" errors="0" timestamp="2022-12-28T18:43:48 IST" skipped="0">
  <testcase classname="dataProviders.DataProvider_Object" name="m2" time="0.008"/>
  <system-out/>
  <testcase classname="dataProviders.DataProvider_Object" name="m2" time="0.002"/>
  <system-out/>
  <testcase classname="dataProviders.DataProvider_Object" name="m1" time="0.002"/>
  <system-out/>
  <testcase classname="dataProviders.DataProvider_Object" name="m1" time="0.021"/>
  <system-out/>
  <testcase classname="dataProviders.DataProvider_Object" name="m1" time="0.003"/>
  <system-out/>
  <testcase classname="dataProviders.DataProvider_Object" name="m2" time="0.004"/>
  <system-out/>
  <testcase classname="dataProviders.DataProvider_Object" name="m2" time="0.003"/>
  <system-out/>
</testsuite> <!-- dataProviders.DataProvider_Object -->
