<?xml version="1.0" encoding="UTF-8"?>
<!-- Generated by org.testng.reporters.JUnitReportReporter -->
<testsuite hostname="LAPTOP-IK8VGAHU" failures="0" tests="3" name="dataProviders.JaggedArrays_DataProviders" time="0.011" errors="0" timestamp="2022-12-30T12:57:44 IST" skipped="0">
  <testcase classname="dataProviders.JaggedArrays_DataProviders" name="sampleTest" time="0.001"/>
  <system-out/>
  <testcase classname="dataProviders.JaggedArrays_DataProviders" name="sampleTest" time="0.001"/>
  <system-out/>
  <testcase classname="dataProviders.JaggedArrays_DataProviders" name="sampleTest" time="0.009"/>
  <system-out/>
</testsuite> <!-- dataProviders.JaggedArrays_DataProviders -->
