<?xml version="1.0" encoding="UTF-8"?>
<!-- Generated by org.testng.reporters.JUnitReportReporter -->
<testsuite hostname="LAPTOP-IK8VGAHU" failures="0" tests="5" name="sample.Login" time="22.877" errors="0" timestamp="2022-12-08T15:54:36 IST" skipped="0">
  <testcase classname="sample.Login" name="verifyUserLoginWithValidCredential" time="3.808"/>
  <system-out/>
  <testcase classname="sample.Login" name="verifyUserLoginWithInvalidUserNameAndValidPassword" time="3.924"/>
  <system-out/>
  <testcase classname="sample.Login" name="verifyUserLoginWithValidUserNameAndInvalidPassword" time="3.975"/>
  <system-out/>
  <testcase classname="sample.Login" name="verifyUserLoginWithInvalidCredentials" time="7.653"/>
  <system-out/>
  <testcase classname="sample.Login" name="verifyUserLoginWithoutGivingCredentials" time="3.517"/>
  <system-out/>
</testsuite> <!-- sample.Login -->
