<?xml version="1.0" encoding="UTF-8"?>
<!-- Generated by org.testng.reporters.JUnitReportReporter -->
<testsuite hostname="LAPTOP-IK8VGAHU" failures="0" tests="2" name="grouping.LoginGroup" time="0.011" errors="0" timestamp="2022-12-13T12:24:49 IST" skipped="0">
  <testcase classname="grouping.LoginGroup" name="LoginWithInValidCredentials" time="0.002"/>
  <system-out/>
  <testcase classname="grouping.LoginGroup" name="LoginWithValidCredentials" time="0.009"/>
  <system-out/>
</testsuite> <!-- grouping.LoginGroup -->
